<?xml version="1.0" encoding="UTF-8"?>
<!-- Generated by org.testng.reporters.JUnitReportReporter -->
<testsuite hostname="DESKTOP-JA9H2L9" failures="0" tests="1" name="test_QA.TestCase_4" time="9.881" errors="0" timestamp="2025-04-24T11:42:28 IST" skipped="0">
  <testcase classname="test_QA.TestCase_4" name="main" time="9.881"/>
</testsuite> <!-- test_QA.TestCase_4 -->
