<?xml version="1.0" encoding="UTF-8"?>
<!-- Generated by org.testng.reporters.JUnitReportReporter -->
<testsuite hostname="DESKTOP-JA9H2L9" failures="0" tests="1" name="test_QA.TestCase_5" time="2.622" errors="0" timestamp="2025-04-02T10:47:41 IST" skipped="0">
  <testcase classname="test_QA.TestCase_5" name="beforeTest" time="2.622"/>
</testsuite> <!-- test_QA.TestCase_5 -->
