<?xml version="1.0" encoding="UTF-8"?>
<!-- Generated by org.testng.reporters.JUnitReportReporter -->
<testsuite hostname="DESKTOP-JA9H2L9" failures="0" tests="2" name="test_QA.TestCase_6" time="0.023" errors="0" timestamp="2025-04-02T10:59:00 IST" skipped="0">
  <testcase classname="test_QA.TestCase_6" name="myTest" time="0.018"/>
  <testcase classname="test_QA.TestCase_6" name="myTest" time="0.005"/>
</testsuite> <!-- test_QA.TestCase_6 -->
