<?xml version="1.0" encoding="UTF-8"?>
<!-- Generated by org.testng.reporters.JUnitReportReporter -->
<testsuite hostname="DESKTOP-JA9H2L9" failures="0" tests="2" name="test_QA.TestCase_2" time="24.118" errors="0" timestamp="2025-03-28T14:32:57 IST" skipped="0">
  <testcase classname="test_QA.TestCase_2" name="Test1" time="12.311"/>
  <testcase classname="test_QA.TestCase_2" name="Test2" time="11.807"/>
</testsuite> <!-- test_QA.TestCase_2 -->
